<?xml version="1.0" encoding="UTF-8"?>
<testsuite name="com.iamconanpeter.orbittaprush.OrbitGameEngineTest" tests="3" skipped="0" failures="0" errors="0" timestamp="2026-02-18T17:20:19" hostname="us16g.2tic.com" time="0.002">
  <properties/>
  <testcase name="hit increases score and combo" classname="com.iamconanpeter.orbittaprush.OrbitGameEngineTest" time="0.001"/>
  <testcase name="three misses trigger game over" classname="com.iamconanpeter.orbittaprush.OrbitGameEngineTest" time="0.0"/>
  <testcase name="restart clears state" classname="com.iamconanpeter.orbittaprush.OrbitGameEngineTest" time="0.0"/>
  <system-out><![CDATA[]]></system-out>
  <system-err><![CDATA[]]></system-err>
</testsuite>
